{"/Users/tomyromero/myOffice/training/project3/pawsonality-frontend/src/App.tsx": {"path":"/Users/tomyromero/myOffice/training/project3/pawsonality-frontend/src/App.tsx","statementMap":{"0":{"start":{"line":1,"column":0},"end":{"line":1,"column":63}},"1":{"start":{"line":2,"column":0},"end":{"line":2,"column":18}},"2":{"start":{"line":3,"column":0},"end":{"line":3,"column":36}},"3":{"start":{"line":4,"column":0},"end":{"line":4,"column":77}},"4":{"start":{"line":5,"column":0},"end":{"line":5,"column":48}},"5":{"start":{"line":6,"column":0},"end":{"line":6,"column":51}},"6":{"start":{"line":7,"column":0},"end":{"line":7,"column":57}},"7":{"start":{"line":8,"column":0},"end":{"line":8,"column":48}},"8":{"start":{"line":9,"column":0},"end":{"line":9,"column":54}},"9":{"start":{"line":13,"column":2},"end":{"line":25,"column":null}},"10":{"start":{"line":28,"column":0},"end":{"line":28,"column":null}}},"fnMap":{"0":{"name":"App","decl":{"start":{"line":11,"column":9},"end":{"line":11,"column":12}},"loc":{"start":{"line":11,"column":12},"end":{"line":26,"column":1}}}},"branchMap":{},"s":{"0":0,"1":0,"2":0,"3":0,"4":0,"5":0,"6":0,"7":0,"8":0,"9":0,"10":0},"f":{"0":0},"b":{}}
,"/Users/tomyromero/myOffice/training/project3/pawsonality-frontend/src/main.tsx": {"path":"/Users/tomyromero/myOffice/training/project3/pawsonality-frontend/src/main.tsx","statementMap":{"0":{"start":{"line":1,"column":0},"end":{"line":1,"column":34}},"1":{"start":{"line":2,"column":0},"end":{"line":2,"column":45}},"2":{"start":{"line":3,"column":0},"end":{"line":3,"column":27}},"3":{"start":{"line":4,"column":0},"end":{"line":4,"column":20}},"4":{"start":{"line":7,"column":0},"end":{"line":11,"column":null}}},"fnMap":{},"branchMap":{},"s":{"0":0,"1":0,"2":0,"3":0,"4":0},"f":{},"b":{}}
,"/Users/tomyromero/myOffice/training/project3/pawsonality-frontend/src/vite-env.d.ts": {"path":"/Users/tomyromero/myOffice/training/project3/pawsonality-frontend/src/vite-env.d.ts","statementMap":{},"fnMap":{},"branchMap":{},"s":{},"f":{},"b":{}}
,"/Users/tomyromero/myOffice/training/project3/pawsonality-frontend/src/components/AboutPawsonality/AboutPawsonality.tsx": {"path":"/Users/tomyromero/myOffice/training/project3/pawsonality-frontend/src/components/AboutPawsonality/AboutPawsonality.tsx","statementMap":{"0":{"start":{"line":1,"column":0},"end":{"line":1,"column":31}},"1":{"start":{"line":3,"column":25},"end":{"line":52,"column":1}},"2":{"start":{"line":4,"column":4},"end":{"line":50,"column":null}},"3":{"start":{"line":54,"column":0},"end":{"line":54,"column":null}}},"fnMap":{"0":{"name":"(anonymous_0)","decl":{"start":{"line":3,"column":25},"end":{"line":3,"column":28}},"loc":{"start":{"line":3,"column":30},"end":{"line":52,"column":1}}}},"branchMap":{},"s":{"0":1,"1":1,"2":2,"3":1},"f":{"0":2},"b":{}}
,"/Users/tomyromero/myOffice/training/project3/pawsonality-frontend/src/components/LoginCard/LoginCard.tsx": {"path":"/Users/tomyromero/myOffice/training/project3/pawsonality-frontend/src/components/LoginCard/LoginCard.tsx","statementMap":{"0":{"start":{"line":1,"column":0},"end":{"line":1,"column":32}},"1":{"start":{"line":2,"column":0},"end":{"line":2,"column":24}},"2":{"start":{"line":3,"column":0},"end":{"line":3,"column":53}},"3":{"start":{"line":6,"column":25},"end":{"line":97,"column":1}},"4":{"start":{"line":7,"column":36},"end":{"line":7,"column":48}},"5":{"start":{"line":8,"column":36},"end":{"line":8,"column":48}},"6":{"start":{"line":9,"column":21},"end":{"line":9,"column":34}},"7":{"start":{"line":11,"column":25},"end":{"line":49,"column":5}},"8":{"start":{"line":12,"column":8},"end":{"line":48,"column":7}},"9":{"start":{"line":27,"column":8},"end":{"line":34,"column":9}},"10":{"start":{"line":28,"column":12},"end":{"line":28,"column":35}},"11":{"start":{"line":32,"column":12},"end":{"line":32,"column":null}},"12":{"start":{"line":33,"column":12},"end":{"line":33,"column":24}},"13":{"start":{"line":39,"column":8},"end":{"line":44,"column":9}},"14":{"start":{"line":40,"column":12},"end":{"line":40,"column":55}},"15":{"start":{"line":41,"column":12},"end":{"line":41,"column":62}},"16":{"start":{"line":42,"column":12},"end":{"line":42,"column":26}},"17":{"start":{"line":43,"column":12},"end":{"line":43,"column":null}},"18":{"start":{"line":47,"column":8},"end":{"line":47,"column":21}},"19":{"start":{"line":51,"column":4},"end":{"line":94,"column":null}},"20":{"start":{"line":64,"column":32},"end":{"line":64,"column":60}},"21":{"start":{"line":73,"column":32},"end":{"line":73,"column":60}},"22":{"start":{"line":6,"column":13},"end":{"line":6,"column":25}}},"fnMap":{"0":{"name":"(anonymous_0)","decl":{"start":{"line":6,"column":25},"end":{"line":6,"column":28}},"loc":{"start":{"line":6,"column":30},"end":{"line":97,"column":1}}},"1":{"name":"(anonymous_1)","decl":{"start":{"line":11,"column":25},"end":{"line":11,"column":28}},"loc":{"start":{"line":11,"column":30},"end":{"line":49,"column":5}}},"2":{"name":"(anonymous_2)","decl":{"start":{"line":25,"column":11},"end":{"line":25,"column":12}},"loc":{"start":{"line":25,"column":29},"end":{"line":35,"column":5}}},"3":{"name":"(anonymous_3)","decl":{"start":{"line":37,"column":10},"end":{"line":37,"column":11}},"loc":{"start":{"line":37,"column":26},"end":{"line":46,"column":5}}},"4":{"name":"(anonymous_4)","decl":{"start":{"line":46,"column":13},"end":{"line":46,"column":14}},"loc":{"start":{"line":46,"column":28},"end":{"line":48,"column":5}}},"5":{"name":"(anonymous_5)","decl":{"start":{"line":64,"column":26},"end":{"line":64,"column":28}},"loc":{"start":{"line":64,"column":32},"end":{"line":64,"column":60}}},"6":{"name":"(anonymous_6)","decl":{"start":{"line":73,"column":26},"end":{"line":73,"column":28}},"loc":{"start":{"line":73,"column":32},"end":{"line":73,"column":60}}}},"branchMap":{"0":{"loc":{"start":{"line":27,"column":8},"end":{"line":34,"column":9}},"type":"if","locations":[{"start":{"line":27,"column":8},"end":{"line":34,"column":9}},{"start":{"line":31,"column":13},"end":{"line":34,"column":9}}]},"1":{"loc":{"start":{"line":39,"column":8},"end":{"line":44,"column":9}},"type":"if","locations":[{"start":{"line":39,"column":8},"end":{"line":44,"column":9}}]}},"s":{"0":0,"1":0,"2":0,"3":0,"4":0,"5":0,"6":0,"7":0,"8":0,"9":0,"10":0,"11":0,"12":0,"13":0,"14":0,"15":0,"16":0,"17":0,"18":0,"19":0,"20":0,"21":0,"22":0},"f":{"0":0,"1":0,"2":0,"3":0,"4":0,"5":0,"6":0},"b":{"0":[0,0],"1":[0]}}
,"/Users/tomyromero/myOffice/training/project3/pawsonality-frontend/src/components/QuizCard/QuizCard.tsx": {"path":"/Users/tomyromero/myOffice/training/project3/pawsonality-frontend/src/components/QuizCard/QuizCard.tsx","statementMap":{"0":{"start":{"line":1,"column":0},"end":{"line":1,"column":44}},"1":{"start":{"line":2,"column":0},"end":{"line":2,"column":23}},"2":{"start":{"line":3,"column":0},"end":{"line":3,"column":65}},"3":{"start":{"line":4,"column":0},"end":{"line":4,"column":58}},"4":{"start":{"line":18,"column":24},"end":{"line":113,"column":1}},"5":{"start":{"line":20,"column":37},"end":{"line":20,"column":66}},"6":{"start":{"line":22,"column":26},"end":{"line":24,"column":5}},"7":{"start":{"line":23,"column":8},"end":{"line":23,"column":41}},"8":{"start":{"line":26,"column":4},"end":{"line":28,"column":25}},"9":{"start":{"line":27,"column":8},"end":{"line":27,"column":27}},"10":{"start":{"line":31,"column":25},"end":{"line":36,"column":7}},"11":{"start":{"line":32,"column":8},"end":{"line":32,"column":30}},"12":{"start":{"line":33,"column":8},"end":{"line":35,"column":11}},"13":{"start":{"line":34,"column":12},"end":{"line":34,"column":37}},"14":{"start":{"line":37,"column":4},"end":{"line":109,"column":null}},"15":{"start":{"line":103,"column":31},"end":{"line":103,"column":45}},"16":{"start":{"line":18,"column":13},"end":{"line":18,"column":24}}},"fnMap":{"0":{"name":"(anonymous_0)","decl":{"start":{"line":18,"column":24},"end":{"line":18,"column":25}},"loc":{"start":{"line":18,"column":84},"end":{"line":113,"column":1}}},"1":{"name":"(anonymous_1)","decl":{"start":{"line":22,"column":26},"end":{"line":22,"column":27}},"loc":{"start":{"line":22,"column":41},"end":{"line":24,"column":5}}},"2":{"name":"(anonymous_2)","decl":{"start":{"line":26,"column":14},"end":{"line":26,"column":17}},"loc":{"start":{"line":26,"column":19},"end":{"line":28,"column":7}}},"3":{"name":"(anonymous_3)","decl":{"start":{"line":31,"column":25},"end":{"line":31,"column":28}},"loc":{"start":{"line":31,"column":30},"end":{"line":36,"column":7}}},"4":{"name":"(anonymous_4)","decl":{"start":{"line":103,"column":26},"end":{"line":103,"column":29}},"loc":{"start":{"line":103,"column":31},"end":{"line":103,"column":45}}}},"branchMap":{"0":{"loc":{"start":{"line":33,"column":8},"end":{"line":35,"column":11}},"type":"if","locations":[{"start":{"line":33,"column":8},"end":{"line":35,"column":11}}]},"1":{"loc":{"start":{"line":52,"column":13},"end":{"line":52,"column":82}},"type":"binary-expr","locations":[{"start":{"line":52,"column":13},"end":{"line":52,"column":46}},{"start":{"line":52,"column":50},"end":{"line":52,"column":82}}]},"2":{"loc":{"start":{"line":66,"column":13},"end":{"line":66,"column":82}},"type":"binary-expr","locations":[{"start":{"line":66,"column":13},"end":{"line":66,"column":46}},{"start":{"line":66,"column":50},"end":{"line":66,"column":82}}]},"3":{"loc":{"start":{"line":80,"column":13},"end":{"line":80,"column":82}},"type":"binary-expr","locations":[{"start":{"line":80,"column":13},"end":{"line":80,"column":46}},{"start":{"line":80,"column":50},"end":{"line":80,"column":82}}]},"4":{"loc":{"start":{"line":94,"column":13},"end":{"line":94,"column":82}},"type":"binary-expr","locations":[{"start":{"line":94,"column":13},"end":{"line":94,"column":46}},{"start":{"line":94,"column":50},"end":{"line":94,"column":82}}]},"5":{"loc":{"start":{"line":100,"column":8},"end":{"line":104,"column":33}},"type":"binary-expr","locations":[{"start":{"line":100,"column":8},"end":{"line":100,"column":16}},{"start":{"line":100,"column":20},"end":{"line":104,"column":33}}]}},"s":{"0":1,"1":1,"2":1,"3":1,"4":1,"5":12,"6":12,"7":3,"8":12,"9":5,"10":12,"11":1,"12":1,"13":1,"14":12,"15":1,"16":1},"f":{"0":12,"1":3,"2":5,"3":1,"4":1},"b":{"0":[1],"1":[12,6],"2":[12,0],"3":[12,0],"4":[12,0],"5":[12,7]}}
,"/Users/tomyromero/myOffice/training/project3/pawsonality-frontend/src/components/ResultCard/ResultCard.tsx": {"path":"/Users/tomyromero/myOffice/training/project3/pawsonality-frontend/src/components/ResultCard/ResultCard.tsx","statementMap":{"0":{"start":{"line":1,"column":0},"end":{"line":1,"column":25}},"1":{"start":{"line":5,"column":49},"end":{"line":10,"column":8}},"2":{"start":{"line":12,"column":25},"end":{"line":16,"column":7}},"3":{"start":{"line":13,"column":21},"end":{"line":13,"column":41}},"4":{"start":{"line":14,"column":8},"end":{"line":14,"column":48}},"5":{"start":{"line":18,"column":4},"end":{"line":28,"column":null}},"6":{"start":{"line":31,"column":0},"end":{"line":31,"column":26}}},"fnMap":{"0":{"name":"ResultCard","decl":{"start":{"line":2,"column":9},"end":{"line":2,"column":19}},"loc":{"start":{"line":2,"column":35},"end":{"line":29,"column":1}}},"1":{"name":"(anonymous_1)","decl":{"start":{"line":12,"column":25},"end":{"line":12,"column":26}},"loc":{"start":{"line":12,"column":48},"end":{"line":16,"column":7}}}},"branchMap":{"0":{"loc":{"start":{"line":24,"column":16},"end":{"line":24,"column":103}},"type":"cond-expr","locations":[{"start":{"line":24,"column":37},"end":{"line":24,"column":96}},{"start":{"line":24,"column":99},"end":{"line":24,"column":103}}]}},"s":{"0":1,"1":3,"2":3,"3":3,"4":3,"5":3,"6":1},"f":{"0":3,"1":3},"b":{"0":[2,1]}}
,"/Users/tomyromero/myOffice/training/project3/pawsonality-frontend/src/components/ResultsCard/ResultsCard.tsx": {"path":"/Users/tomyromero/myOffice/training/project3/pawsonality-frontend/src/components/ResultsCard/ResultsCard.tsx","statementMap":{"0":{"start":{"line":2,"column":0},"end":{"line":2,"column":38}},"1":{"start":{"line":3,"column":0},"end":{"line":3,"column":56}},"2":{"start":{"line":4,"column":0},"end":{"line":4,"column":27}},"3":{"start":{"line":12,"column":45},"end":{"line":17,"column":4}},"4":{"start":{"line":20,"column":27},"end":{"line":45,"column":5}},"5":{"start":{"line":21,"column":28},"end":{"line":21,"column":43}},"6":{"start":{"line":23,"column":4},"end":{"line":44,"column":8}},"7":{"start":{"line":20,"column":13},"end":{"line":20,"column":27}}},"fnMap":{"0":{"name":"(anonymous_1)","decl":{"start":{"line":20,"column":27},"end":{"line":20,"column":28}},"loc":{"start":{"line":20,"column":70},"end":{"line":45,"column":5}}}},"branchMap":{},"s":{"0":0,"1":0,"2":0,"3":0,"4":0,"5":0,"6":0,"7":0},"f":{"0":0},"b":{}}
,"/Users/tomyromero/myOffice/training/project3/pawsonality-frontend/src/components/SignupCard/SignupCard.tsx": {"path":"/Users/tomyromero/myOffice/training/project3/pawsonality-frontend/src/components/SignupCard/SignupCard.tsx","statementMap":{"0":{"start":{"line":1,"column":0},"end":{"line":1,"column":33}},"1":{"start":{"line":2,"column":0},"end":{"line":2,"column":26}},"2":{"start":{"line":3,"column":0},"end":{"line":3,"column":53}},"3":{"start":{"line":5,"column":26},"end":{"line":87,"column":1}},"4":{"start":{"line":6,"column":30},"end":{"line":6,"column":42}},"5":{"start":{"line":7,"column":36},"end":{"line":7,"column":48}},"6":{"start":{"line":8,"column":21},"end":{"line":8,"column":34}},"7":{"start":{"line":10,"column":26},"end":{"line":39,"column":6}},"8":{"start":{"line":10,"column":37},"end":{"line":39,"column":6}},"9":{"start":{"line":11,"column":8},"end":{"line":38,"column":9}},"10":{"start":{"line":12,"column":29},"end":{"line":22,"column":14}},"11":{"start":{"line":25,"column":12},"end":{"line":34,"column":13}},"12":{"start":{"line":26,"column":31},"end":{"line":26,"column":52}},"13":{"start":{"line":28,"column":16},"end":{"line":28,"column":36}},"14":{"start":{"line":30,"column":16},"end":{"line":30,"column":35}},"15":{"start":{"line":32,"column":16},"end":{"line":32,"column":38}},"16":{"start":{"line":33,"column":16},"end":{"line":33,"column":67}},"17":{"start":{"line":36,"column":12},"end":{"line":36,"column":57}},"18":{"start":{"line":37,"column":12},"end":{"line":37,"column":null}},"19":{"start":{"line":41,"column":4},"end":{"line":86,"column":6}},"20":{"start":{"line":53,"column":40},"end":{"line":53,"column":65}},"21":{"start":{"line":62,"column":40},"end":{"line":62,"column":68}},"22":{"start":{"line":5,"column":13},"end":{"line":5,"column":26}}},"fnMap":{"0":{"name":"(anonymous_7)","decl":{"start":{"line":5,"column":26},"end":{"line":5,"column":29}},"loc":{"start":{"line":5,"column":31},"end":{"line":87,"column":1}}},"1":{"name":"(anonymous_8)","decl":{"start":{"line":10,"column":26},"end":{"line":10,"column":35}},"loc":{"start":{"line":10,"column":37},"end":{"line":39,"column":6}}},"2":{"name":"(anonymous_9)","decl":{"start":{"line":10,"column":37},"end":{"line":10,"column":null}},"loc":{"start":{"line":10,"column":37},"end":{"line":39,"column":5}}},"3":{"name":"(anonymous_10)","decl":{"start":{"line":53,"column":34},"end":{"line":53,"column":36}},"loc":{"start":{"line":53,"column":40},"end":{"line":53,"column":65}}},"4":{"name":"(anonymous_11)","decl":{"start":{"line":62,"column":34},"end":{"line":62,"column":36}},"loc":{"start":{"line":62,"column":40},"end":{"line":62,"column":68}}}},"branchMap":{"0":{"loc":{"start":{"line":25,"column":12},"end":{"line":34,"column":13}},"type":"if","locations":[{"start":{"line":25,"column":12},"end":{"line":34,"column":13}},{"start":{"line":31,"column":19},"end":{"line":34,"column":13}}]}},"s":{"0":0,"1":0,"2":0,"3":0,"4":0,"5":0,"6":0,"7":0,"8":0,"9":0,"10":0,"11":0,"12":0,"13":0,"14":0,"15":0,"16":0,"17":0,"18":0,"19":0,"20":0,"21":0,"22":0},"f":{"0":0,"1":0,"2":0,"3":0,"4":0},"b":{"0":[0,0]}}
,"/Users/tomyromero/myOffice/training/project3/pawsonality-frontend/src/layout/NavBar.tsx": {"path":"/Users/tomyromero/myOffice/training/project3/pawsonality-frontend/src/layout/NavBar.tsx","statementMap":{"0":{"start":{"line":1,"column":0},"end":{"line":1,"column":40}},"1":{"start":{"line":2,"column":0},"end":{"line":2,"column":21}},"2":{"start":{"line":3,"column":0},"end":{"line":3,"column":47}},"3":{"start":{"line":6,"column":15},"end":{"line":43,"column":1}},"4":{"start":{"line":7,"column":18},"end":{"line":7,"column":47}},"5":{"start":{"line":8,"column":21},"end":{"line":8,"column":34}},"6":{"start":{"line":10,"column":18},"end":{"line":14,"column":5}},"7":{"start":{"line":11,"column":8},"end":{"line":11,"column":null}},"8":{"start":{"line":12,"column":8},"end":{"line":12,"column":null}},"9":{"start":{"line":13,"column":8},"end":{"line":13,"column":22}},"10":{"start":{"line":17,"column":4},"end":{"line":42,"column":null}},"11":{"start":{"line":45,"column":0},"end":{"line":45,"column":22}}},"fnMap":{"0":{"name":"(anonymous_0)","decl":{"start":{"line":6,"column":15},"end":{"line":6,"column":18}},"loc":{"start":{"line":6,"column":20},"end":{"line":43,"column":1}}},"1":{"name":"(anonymous_1)","decl":{"start":{"line":10,"column":18},"end":{"line":10,"column":21}},"loc":{"start":{"line":10,"column":23},"end":{"line":14,"column":5}}}},"branchMap":{"0":{"loc":{"start":{"line":27,"column":18},"end":{"line":27,"column":72}},"type":"cond-expr","locations":[{"start":{"line":27,"column":27},"end":{"line":27,"column":62}},{"start":{"line":27,"column":65},"end":{"line":27,"column":72}}]},"1":{"loc":{"start":{"line":28,"column":17},"end":{"line":31,"column":null}},"type":"cond-expr","locations":[{"start":{"line":29,"column":20},"end":{"line":29,"column":61}},{"start":{"line":31,"column":20},"end":{"line":31,"column":27}}]},"2":{"loc":{"start":{"line":33,"column":17},"end":{"line":36,"column":null}},"type":"cond-expr","locations":[{"start":{"line":34,"column":20},"end":{"line":34,"column":75}},{"start":{"line":36,"column":20},"end":{"line":36,"column":57}}]}},"s":{"0":0,"1":0,"2":0,"3":0,"4":0,"5":0,"6":0,"7":0,"8":0,"9":0,"10":0,"11":0},"f":{"0":0,"1":0},"b":{"0":[0,0],"1":[0,0],"2":[0,0]}}
,"/Users/tomyromero/myOffice/training/project3/pawsonality-frontend/src/pages/HomePage/HomePage.tsx": {"path":"/Users/tomyromero/myOffice/training/project3/pawsonality-frontend/src/pages/HomePage/HomePage.tsx","statementMap":{"0":{"start":{"line":1,"column":0},"end":{"line":1,"column":40}},"1":{"start":{"line":2,"column":0},"end":{"line":2,"column":23}},"2":{"start":{"line":4,"column":17},"end":{"line":30,"column":1}},"3":{"start":{"line":5,"column":18},"end":{"line":5,"column":47}},"4":{"start":{"line":7,"column":4},"end":{"line":29,"column":null}},"5":{"start":{"line":31,"column":0},"end":{"line":31,"column":24}}},"fnMap":{"0":{"name":"(anonymous_0)","decl":{"start":{"line":4,"column":17},"end":{"line":4,"column":20}},"loc":{"start":{"line":4,"column":22},"end":{"line":30,"column":1}}}},"branchMap":{"0":{"loc":{"start":{"line":15,"column":17},"end":{"line":22,"column":null}},"type":"cond-expr","locations":[{"start":{"line":16,"column":20},"end":{"line":17,"column":null}},{"start":{"line":20,"column":20},"end":{"line":21,"column":null}}]}},"s":{"0":0,"1":0,"2":0,"3":0,"4":0,"5":0},"f":{"0":0},"b":{"0":[0,0]}}
,"/Users/tomyromero/myOffice/training/project3/pawsonality-frontend/src/pages/LoginPage/LoginPage.tsx": {"path":"/Users/tomyromero/myOffice/training/project3/pawsonality-frontend/src/pages/LoginPage/LoginPage.tsx","statementMap":{"0":{"start":{"line":1,"column":0},"end":{"line":1,"column":64}},"1":{"start":{"line":2,"column":18},"end":{"line":6,"column":1}},"2":{"start":{"line":3,"column":4},"end":{"line":5,"column":null}},"3":{"start":{"line":8,"column":0},"end":{"line":8,"column":null}}},"fnMap":{"0":{"name":"(anonymous_0)","decl":{"start":{"line":2,"column":18},"end":{"line":2,"column":21}},"loc":{"start":{"line":2,"column":23},"end":{"line":6,"column":1}}}},"branchMap":{},"s":{"0":0,"1":0,"2":0,"3":0},"f":{"0":0},"b":{}}
,"/Users/tomyromero/myOffice/training/project3/pawsonality-frontend/src/pages/ProfilePage/ProfilePage.tsx": {"path":"/Users/tomyromero/myOffice/training/project3/pawsonality-frontend/src/pages/ProfilePage/ProfilePage.tsx","statementMap":{"0":{"start":{"line":1,"column":0},"end":{"line":1,"column":26}},"1":{"start":{"line":2,"column":0},"end":{"line":2,"column":40}},"2":{"start":{"line":3,"column":0},"end":{"line":3,"column":34}},"3":{"start":{"line":4,"column":0},"end":{"line":4,"column":33}},"4":{"start":{"line":5,"column":0},"end":{"line":5,"column":64}},"5":{"start":{"line":7,"column":20},"end":{"line":93,"column":1}},"6":{"start":{"line":9,"column":18},"end":{"line":9,"column":47}},"7":{"start":{"line":11,"column":34},"end":{"line":11,"column":53}},"8":{"start":{"line":12,"column":4},"end":{"line":12,"column":25}},"9":{"start":{"line":13,"column":4},"end":{"line":13,"column":23}},"10":{"start":{"line":14,"column":21},"end":{"line":14,"column":53}},"11":{"start":{"line":15,"column":32},"end":{"line":15,"column":44}},"12":{"start":{"line":17,"column":4},"end":{"line":34,"column":3}},"13":{"start":{"line":18,"column":6},"end":{"line":31,"column":13}},"14":{"start":{"line":20,"column":14},"end":{"line":22,"column":15}},"15":{"start":{"line":21,"column":18},"end":{"line":21,"column":65}},"16":{"start":{"line":23,"column":14},"end":{"line":23,"column":37}},"17":{"start":{"line":27,"column":14},"end":{"line":27,"column":33}},"18":{"start":{"line":30,"column":14},"end":{"line":30,"column":64}},"19":{"start":{"line":33,"column":6},"end":{"line":33,"column":56}},"20":{"start":{"line":36,"column":4},"end":{"line":56,"column":19}},"21":{"start":{"line":37,"column":23},"end":{"line":37,"column":116}},"22":{"start":{"line":39,"column":8},"end":{"line":55,"column":13}},"23":{"start":{"line":49,"column":30},"end":{"line":49,"column":45}},"24":{"start":{"line":51,"column":12},"end":{"line":51,"column":31}},"25":{"start":{"line":54,"column":12},"end":{"line":54,"column":65}},"26":{"start":{"line":61,"column":6},"end":{"line":92,"column":8}},"27":{"start":{"line":70,"column":18},"end":{"line":70,"column":52}},"28":{"start":{"line":95,"column":0},"end":{"line":95,"column":27}}},"fnMap":{"0":{"name":"(anonymous_1)","decl":{"start":{"line":7,"column":20},"end":{"line":7,"column":23}},"loc":{"start":{"line":7,"column":25},"end":{"line":93,"column":1}}},"1":{"name":"(anonymous_2)","decl":{"start":{"line":19,"column":16},"end":{"line":19,"column":24}},"loc":{"start":{"line":19,"column":27},"end":{"line":24,"column":11}}},"2":{"name":"(anonymous_3)","decl":{"start":{"line":25,"column":16},"end":{"line":25,"column":20}},"loc":{"start":{"line":25,"column":23},"end":{"line":28,"column":11}}},"3":{"name":"(anonymous_4)","decl":{"start":{"line":29,"column":17},"end":{"line":29,"column":22}},"loc":{"start":{"line":29,"column":25},"end":{"line":31,"column":11}}},"4":{"name":"(anonymous_5)","decl":{"start":{"line":36,"column":14},"end":{"line":36,"column":17}},"loc":{"start":{"line":36,"column":19},"end":{"line":56,"column":7}}},"5":{"name":"(anonymous_6)","decl":{"start":{"line":49,"column":16},"end":{"line":49,"column":17}},"loc":{"start":{"line":49,"column":30},"end":{"line":49,"column":45}}},"6":{"name":"(anonymous_7)","decl":{"start":{"line":50,"column":16},"end":{"line":50,"column":17}},"loc":{"start":{"line":50,"column":27},"end":{"line":52,"column":11}}},"7":{"name":"(anonymous_8)","decl":{"start":{"line":53,"column":17},"end":{"line":53,"column":18}},"loc":{"start":{"line":53,"column":27},"end":{"line":55,"column":11}}},"8":{"name":"(anonymous_9)","decl":{"start":{"line":69,"column":28},"end":{"line":69,"column":29}},"loc":{"start":{"line":70,"column":18},"end":{"line":70,"column":52}}}},"branchMap":{"0":{"loc":{"start":{"line":17,"column":4},"end":{"line":34,"column":3}},"type":"if","locations":[{"start":{"line":17,"column":4},"end":{"line":34,"column":3}},{"start":{"line":32,"column":9},"end":{"line":34,"column":3}}]},"1":{"loc":{"start":{"line":20,"column":14},"end":{"line":22,"column":15}},"type":"if","locations":[{"start":{"line":20,"column":14},"end":{"line":22,"column":15}}]},"2":{"loc":{"start":{"line":67,"column":13},"end":{"line":77,"column":null}},"type":"cond-expr","locations":[{"start":{"line":68,"column":14},"end":{"line":74,"column":null}},{"start":{"line":77,"column":14},"end":{"line":77,"column":54}}]},"3":{"loc":{"start":{"line":68,"column":14},"end":{"line":74,"column":null}},"type":"cond-expr","locations":[{"start":{"line":69,"column":16},"end":{"line":71,"column":18}},{"start":{"line":74,"column":16},"end":{"line":74,"column":62}}]},"4":{"loc":{"start":{"line":80,"column":13},"end":{"line":87,"column":null}},"type":"cond-expr","locations":[{"start":{"line":81,"column":16},"end":{"line":82,"column":null}},{"start":{"line":85,"column":16},"end":{"line":86,"column":null}}]}},"s":{"0":0,"1":0,"2":0,"3":0,"4":0,"5":0,"6":0,"7":0,"8":0,"9":0,"10":0,"11":0,"12":0,"13":0,"14":0,"15":0,"16":0,"17":0,"18":0,"19":0,"20":0,"21":0,"22":0,"23":0,"24":0,"25":0,"26":0,"27":0,"28":0},"f":{"0":0,"1":0,"2":0,"3":0,"4":0,"5":0,"6":0,"7":0,"8":0},"b":{"0":[0,0],"1":[0],"2":[0,0],"3":[0,0],"4":[0,0]}}
,"/Users/tomyromero/myOffice/training/project3/pawsonality-frontend/src/pages/QuizPage/QuizPage.tsx": {"path":"/Users/tomyromero/myOffice/training/project3/pawsonality-frontend/src/pages/QuizPage/QuizPage.tsx","statementMap":{"0":{"start":{"line":1,"column":0},"end":{"line":1,"column":44}},"1":{"start":{"line":2,"column":0},"end":{"line":2,"column":62}},"2":{"start":{"line":4,"column":0},"end":{"line":4,"column":71}},"3":{"start":{"line":5,"column":0},"end":{"line":5,"column":47}},"4":{"start":{"line":7,"column":17},"end":{"line":158,"column":1}},"5":{"start":{"line":8,"column":21},"end":{"line":8,"column":34}},"6":{"start":{"line":9,"column":38},"end":{"line":9,"column":64}},"7":{"start":{"line":10,"column":60},"end":{"line":10,"column":71}},"8":{"start":{"line":11,"column":34},"end":{"line":11,"column":56}},"9":{"start":{"line":12,"column":44},"end":{"line":12,"column":59}},"10":{"start":{"line":13,"column":32},"end":{"line":13,"column":44}},"11":{"start":{"line":15,"column":18},"end":{"line":15,"column":47}},"12":{"start":{"line":16,"column":21},"end":{"line":16,"column":53}},"13":{"start":{"line":18,"column":32},"end":{"line":33,"column":7}},"14":{"start":{"line":19,"column":53},"end":{"line":19,"column":55}},"15":{"start":{"line":21,"column":8},"end":{"line":23,"column":11}},"16":{"start":{"line":22,"column":10},"end":{"line":22,"column":65}},"17":{"start":{"line":25,"column":25},"end":{"line":25,"column":65}},"18":{"start":{"line":27,"column":34},"end":{"line":28,"column":null}},"19":{"start":{"line":28,"column":20},"end":{"line":28,"column":53}},"20":{"start":{"line":31,"column":28},"end":{"line":31,"column":80}},"21":{"start":{"line":32,"column":8},"end":{"line":32,"column":46}},"22":{"start":{"line":36,"column":4},"end":{"line":54,"column":19}},"23":{"start":{"line":37,"column":8},"end":{"line":53,"column":9}},"24":{"start":{"line":38,"column":12},"end":{"line":50,"column":19}},"25":{"start":{"line":40,"column":20},"end":{"line":42,"column":21}},"26":{"start":{"line":41,"column":24},"end":{"line":41,"column":71}},"27":{"start":{"line":43,"column":20},"end":{"line":43,"column":43}},"28":{"start":{"line":46,"column":20},"end":{"line":46,"column":39}},"29":{"start":{"line":49,"column":20},"end":{"line":49,"column":70}},"30":{"start":{"line":52,"column":12},"end":{"line":52,"column":62}},"31":{"start":{"line":57,"column":4},"end":{"line":59,"column":11}},"32":{"start":{"line":58,"column":8},"end":{"line":58,"column":25}},"33":{"start":{"line":62,"column":4},"end":{"line":68,"column":23}},"34":{"start":{"line":63,"column":8},"end":{"line":67,"column":9}},"35":{"start":{"line":64,"column":39},"end":{"line":64,"column":67}},"36":{"start":{"line":66,"column":12},"end":{"line":66,"column":51}},"37":{"start":{"line":70,"column":27},"end":{"line":86,"column":5}},"38":{"start":{"line":71,"column":8},"end":{"line":85,"column":15}},"39":{"start":{"line":73,"column":16},"end":{"line":75,"column":17}},"40":{"start":{"line":74,"column":20},"end":{"line":74,"column":67}},"41":{"start":{"line":76,"column":16},"end":{"line":76,"column":39}},"42":{"start":{"line":79,"column":16},"end":{"line":79,"column":35}},"43":{"start":{"line":80,"column":16},"end":{"line":80,"column":60}},"44":{"start":{"line":81,"column":16},"end":{"line":81,"column":34}},"45":{"start":{"line":84,"column":16},"end":{"line":84,"column":66}},"46":{"start":{"line":88,"column":23},"end":{"line":120,"column":5}},"47":{"start":{"line":89,"column":20},"end":{"line":89,"column":98}},"48":{"start":{"line":91,"column":21},"end":{"line":95,"column":10}},"49":{"start":{"line":97,"column":8},"end":{"line":119,"column":15}},"50":{"start":{"line":109,"column":16},"end":{"line":111,"column":17}},"51":{"start":{"line":110,"column":20},"end":{"line":110,"column":67}},"52":{"start":{"line":112,"column":16},"end":{"line":112,"column":39}},"53":{"start":{"line":115,"column":16},"end":{"line":115,"column":46}},"54":{"start":{"line":118,"column":16},"end":{"line":118,"column":47}},"55":{"start":{"line":122,"column":29},"end":{"line":127,"column":5}},"56":{"start":{"line":123,"column":8},"end":{"line":123,"column":31}},"57":{"start":{"line":124,"column":8},"end":{"line":124,"column":35}},"58":{"start":{"line":125,"column":8},"end":{"line":125,"column":23}},"59":{"start":{"line":126,"column":8},"end":{"line":126,"column":22}},"60":{"start":{"line":129,"column":31},"end":{"line":139,"column":5}},"61":{"start":{"line":130,"column":31},"end":{"line":130,"column":43}},"62":{"start":{"line":131,"column":8},"end":{"line":131,"column":62}},"63":{"start":{"line":132,"column":8},"end":{"line":132,"column":35}},"64":{"start":{"line":134,"column":8},"end":{"line":138,"column":9}},"65":{"start":{"line":135,"column":12},"end":{"line":135,"column":62}},"66":{"start":{"line":137,"column":12},"end":{"line":137,"column":34}},"67":{"start":{"line":141,"column":4},"end":{"line":143,"column":5}},"68":{"start":{"line":142,"column":8},"end":{"line":142,"column":37}},"69":{"start":{"line":145,"column":4},"end":{"line":147,"column":5}},"70":{"start":{"line":146,"column":8},"end":{"line":146,"column":98}},"71":{"start":{"line":149,"column":4},"end":{"line":157,"column":6}},"72":{"start":{"line":160,"column":0},"end":{"line":160,"column":24}}},"fnMap":{"0":{"name":"(anonymous_0)","decl":{"start":{"line":7,"column":17},"end":{"line":7,"column":20}},"loc":{"start":{"line":7,"column":22},"end":{"line":158,"column":1}}},"1":{"name":"(anonymous_1)","decl":{"start":{"line":18,"column":32},"end":{"line":18,"column":33}},"loc":{"start":{"line":18,"column":62},"end":{"line":33,"column":7}}},"2":{"name":"(anonymous_2)","decl":{"start":{"line":21,"column":24},"end":{"line":21,"column":30}},"loc":{"start":{"line":21,"column":33},"end":{"line":23,"column":9}}},"3":{"name":"(anonymous_3)","decl":{"start":{"line":28,"column":10},"end":{"line":28,"column":16}},"loc":{"start":{"line":28,"column":20},"end":{"line":28,"column":53}}},"4":{"name":"(anonymous_4)","decl":{"start":{"line":36,"column":14},"end":{"line":36,"column":17}},"loc":{"start":{"line":36,"column":19},"end":{"line":54,"column":5}}},"5":{"name":"(anonymous_5)","decl":{"start":{"line":39,"column":22},"end":{"line":39,"column":30}},"loc":{"start":{"line":39,"column":33},"end":{"line":44,"column":17}}},"6":{"name":"(anonymous_6)","decl":{"start":{"line":45,"column":22},"end":{"line":45,"column":26}},"loc":{"start":{"line":45,"column":29},"end":{"line":47,"column":17}}},"7":{"name":"(anonymous_7)","decl":{"start":{"line":48,"column":23},"end":{"line":48,"column":28}},"loc":{"start":{"line":48,"column":31},"end":{"line":50,"column":17}}},"8":{"name":"(anonymous_8)","decl":{"start":{"line":57,"column":14},"end":{"line":57,"column":17}},"loc":{"start":{"line":57,"column":19},"end":{"line":59,"column":5}}},"9":{"name":"(anonymous_9)","decl":{"start":{"line":62,"column":14},"end":{"line":62,"column":17}},"loc":{"start":{"line":62,"column":19},"end":{"line":68,"column":5}}},"10":{"name":"(anonymous_10)","decl":{"start":{"line":70,"column":27},"end":{"line":70,"column":36}},"loc":{"start":{"line":70,"column":38},"end":{"line":86,"column":5}}},"11":{"name":"(anonymous_11)","decl":{"start":{"line":72,"column":18},"end":{"line":72,"column":26}},"loc":{"start":{"line":72,"column":29},"end":{"line":77,"column":13}}},"12":{"name":"(anonymous_12)","decl":{"start":{"line":78,"column":18},"end":{"line":78,"column":19}},"loc":{"start":{"line":78,"column":41},"end":{"line":82,"column":13}}},"13":{"name":"(anonymous_13)","decl":{"start":{"line":83,"column":19},"end":{"line":83,"column":24}},"loc":{"start":{"line":83,"column":27},"end":{"line":85,"column":13}}},"14":{"name":"(anonymous_14)","decl":{"start":{"line":88,"column":23},"end":{"line":88,"column":24}},"loc":{"start":{"line":88,"column":69},"end":{"line":120,"column":5}}},"15":{"name":"(anonymous_15)","decl":{"start":{"line":108,"column":18},"end":{"line":108,"column":26}},"loc":{"start":{"line":108,"column":29},"end":{"line":113,"column":13}}},"16":{"name":"(anonymous_16)","decl":{"start":{"line":114,"column":18},"end":{"line":114,"column":22}},"loc":{"start":{"line":114,"column":25},"end":{"line":116,"column":13}}},"17":{"name":"(anonymous_17)","decl":{"start":{"line":117,"column":19},"end":{"line":117,"column":24}},"loc":{"start":{"line":117,"column":27},"end":{"line":119,"column":13}}},"18":{"name":"(anonymous_18)","decl":{"start":{"line":122,"column":29},"end":{"line":122,"column":32}},"loc":{"start":{"line":122,"column":34},"end":{"line":127,"column":5}}},"19":{"name":"(anonymous_19)","decl":{"start":{"line":129,"column":31},"end":{"line":129,"column":32}},"loc":{"start":{"line":129,"column":58},"end":{"line":139,"column":5}}}},"branchMap":{"0":{"loc":{"start":{"line":22,"column":34},"end":{"line":22,"column":59}},"type":"binary-expr","locations":[{"start":{"line":22,"column":34},"end":{"line":22,"column":54}},{"start":{"line":22,"column":58},"end":{"line":22,"column":59}}]},"1":{"loc":{"start":{"line":37,"column":8},"end":{"line":53,"column":9}},"type":"if","locations":[{"start":{"line":37,"column":8},"end":{"line":53,"column":9}},{"start":{"line":51,"column":15},"end":{"line":53,"column":9}}]},"2":{"loc":{"start":{"line":40,"column":20},"end":{"line":42,"column":21}},"type":"if","locations":[{"start":{"line":40,"column":20},"end":{"line":42,"column":21}}]},"3":{"loc":{"start":{"line":63,"column":8},"end":{"line":67,"column":9}},"type":"if","locations":[{"start":{"line":63,"column":8},"end":{"line":67,"column":9}}]},"4":{"loc":{"start":{"line":73,"column":16},"end":{"line":75,"column":17}},"type":"if","locations":[{"start":{"line":73,"column":16},"end":{"line":75,"column":17}}]},"5":{"loc":{"start":{"line":109,"column":16},"end":{"line":111,"column":17}},"type":"if","locations":[{"start":{"line":109,"column":16},"end":{"line":111,"column":17}}]},"6":{"loc":{"start":{"line":134,"column":8},"end":{"line":138,"column":9}},"type":"if","locations":[{"start":{"line":134,"column":8},"end":{"line":138,"column":9}},{"start":{"line":136,"column":15},"end":{"line":138,"column":9}}]},"7":{"loc":{"start":{"line":141,"column":4},"end":{"line":143,"column":5}},"type":"if","locations":[{"start":{"line":141,"column":4},"end":{"line":143,"column":5}}]},"8":{"loc":{"start":{"line":145,"column":4},"end":{"line":147,"column":5}},"type":"if","locations":[{"start":{"line":145,"column":4},"end":{"line":147,"column":5}}]}},"s":{"0":0,"1":0,"2":0,"3":0,"4":0,"5":0,"6":0,"7":0,"8":0,"9":0,"10":0,"11":0,"12":0,"13":0,"14":0,"15":0,"16":0,"17":0,"18":0,"19":0,"20":0,"21":0,"22":0,"23":0,"24":0,"25":0,"26":0,"27":0,"28":0,"29":0,"30":0,"31":0,"32":0,"33":0,"34":0,"35":0,"36":0,"37":0,"38":0,"39":0,"40":0,"41":0,"42":0,"43":0,"44":0,"45":0,"46":0,"47":0,"48":0,"49":0,"50":0,"51":0,"52":0,"53":0,"54":0,"55":0,"56":0,"57":0,"58":0,"59":0,"60":0,"61":0,"62":0,"63":0,"64":0,"65":0,"66":0,"67":0,"68":0,"69":0,"70":0,"71":0,"72":0},"f":{"0":0,"1":0,"2":0,"3":0,"4":0,"5":0,"6":0,"7":0,"8":0,"9":0,"10":0,"11":0,"12":0,"13":0,"14":0,"15":0,"16":0,"17":0,"18":0,"19":0},"b":{"0":[0,0],"1":[0,0],"2":[0],"3":[0],"4":[0],"5":[0],"6":[0,0],"7":[0],"8":[0]}}
,"/Users/tomyromero/myOffice/training/project3/pawsonality-frontend/src/pages/SignupPage/SignupPage.tsx": {"path":"/Users/tomyromero/myOffice/training/project3/pawsonality-frontend/src/pages/SignupPage/SignupPage.tsx","statementMap":{"0":{"start":{"line":1,"column":0},"end":{"line":1,"column":68}},"1":{"start":{"line":3,"column":19},"end":{"line":7,"column":1}},"2":{"start":{"line":4,"column":4},"end":{"line":6,"column":6}},"3":{"start":{"line":9,"column":0},"end":{"line":9,"column":26}}},"fnMap":{"0":{"name":"(anonymous_0)","decl":{"start":{"line":3,"column":19},"end":{"line":3,"column":22}},"loc":{"start":{"line":3,"column":24},"end":{"line":7,"column":1}}}},"branchMap":{},"s":{"0":0,"1":0,"2":0,"3":0},"f":{"0":0},"b":{}}
,"/Users/tomyromero/myOffice/training/project3/pawsonality-frontend/src/routes/root.tsx": {"path":"/Users/tomyromero/myOffice/training/project3/pawsonality-frontend/src/routes/root.tsx","statementMap":{"0":{"start":{"line":1,"column":0},"end":{"line":1,"column":74}},"1":{"start":{"line":2,"column":0},"end":{"line":2,"column":53}},"2":{"start":{"line":3,"column":0},"end":{"line":3,"column":50}},"3":{"start":{"line":4,"column":0},"end":{"line":4,"column":51}},"4":{"start":{"line":5,"column":0},"end":{"line":5,"column":38}},"5":{"start":{"line":6,"column":0},"end":{"line":6,"column":79}},"6":{"start":{"line":7,"column":0},"end":{"line":7,"column":59}},"7":{"start":{"line":8,"column":0},"end":{"line":8,"column":56}},"8":{"start":{"line":11,"column":13},"end":{"line":25,"column":1}},"9":{"start":{"line":12,"column":4},"end":{"line":24,"column":null}},"10":{"start":{"line":27,"column":0},"end":{"line":27,"column":20}}},"fnMap":{"0":{"name":"(anonymous_1)","decl":{"start":{"line":11,"column":13},"end":{"line":11,"column":16}},"loc":{"start":{"line":11,"column":18},"end":{"line":25,"column":1}}}},"branchMap":{},"s":{"0":0,"1":0,"2":0,"3":0,"4":0,"5":0,"6":0,"7":0,"8":0,"9":0,"10":0},"f":{"0":0},"b":{}}
}
